<?xml version="1.0" encoding="UTF-8"?>
<!-- Generated by org.testng.reporters.JUnitReportReporter -->
<testsuite skipped="0" hostname="DSK648-B1" name="tests.NewTest_01" tests="3" failures="0" timestamp="08 Jun 2018 07:25:07 GMT" time="14.950" errors="0">
  <testcase name="case_01" time="9.144" classname="tests.NewTest_01"/>
  <testcase name="case_02" time="1.802" classname="tests.NewTest_01"/>
  <testcase name="case_01" time="4.004" classname="tests.NewTest_01"/>
</testsuite> <!-- tests.NewTest_01 -->
