<?xml version="1.0" encoding="UTF-8"?>
<!-- Generated by org.testng.reporters.JUnitReportReporter -->
<testsuite skipped="2" hostname="LPT547-B1" name="tests.verifyProfilePageNavigation" tests="2" failures="0" timestamp="23 Oct 2018 06:47:48 GMT" time="0.000" errors="0">
  <testcase name="profileNavigation" time="0.000" classname="tests.verifyProfilePageNavigation">
    <skipped/>
  </testcase> <!-- profileNavigation -->
  <testcase name="LogIn" time="0.000" classname="tests.verifyProfilePageNavigation">
    <skipped/>
  </testcase> <!-- LogIn -->
</testsuite> <!-- tests.verifyProfilePageNavigation -->
