<?xml version="1.0" encoding="UTF-8"?>
<!-- Generated by org.testng.reporters.JUnitReportReporter -->
<testsuite skipped="0" hostname="LPT547-B1" name="tests.placeOrder" tests="1" failures="0" timestamp="20 Nov 2018 06:23:52 GMT" time="65.730" errors="0">
  <testcase name="PlaceOrder" time="65.730" classname="tests.placeOrder"/>
</testsuite> <!-- tests.placeOrder -->
