<?xml version="1.0" encoding="UTF-8"?>
<!-- Generated by org.testng.reporters.JUnitReportReporter -->
<testsuite skipped="0" hostname="LPT547-B1" name="tests.viewStoreHomeSearchProduct" tests="2" failures="0" timestamp="20 Nov 2018 06:23:52 GMT" time="23.602" errors="0">
  <testcase name="SearchProductValid" time="14.610" classname="tests.viewStoreHomeSearchProduct"/>
  <testcase name="SearchProductInvalid" time="8.992" classname="tests.viewStoreHomeSearchProduct"/>
</testsuite> <!-- tests.viewStoreHomeSearchProduct -->
